#
# There is insufficient memory for the Java Runtime Environment to continue.
# Native memory allocation (malloc) failed to allocate 32744 bytes for ChunkPool::allocate
# Possible reasons:
#   The system is out of physical RAM or swap space
#   The process is running with CompressedOops enabled, and the Java Heap may be blocking the growth of the native heap
# Possible solutions:
#   Reduce memory load on the system
#   Increase physical memory or swap space
#   Check if swap backing store is full
#   Decrease Java heap size (-Xmx/-Xms)
#   Decrease number of Java threads
#   Decrease Java thread stack sizes (-Xss)
#   Set larger code cache with -XX:ReservedCodeCacheSize=
#   JVM is running with Unscaled Compressed Oops mode in which the Java heap is
#     placed in the first 4GB address space. The Java Heap base address is the
#     maximum limit for the native heap growth. Please use -XX:HeapBaseMinAddress
#     to set the Java Heap base and to place the Java Heap above 4GB virtual address.
# This output file may be truncated or incomplete.
#
#  Out of Memory Error (allocation.cpp:272), pid=9832, tid=0x0000000000002a68
#
# JRE version: Java(TM) SE Runtime Environment (8.0_221-b11) (build 1.8.0_221-b11)
# Java VM: Java HotSpot(TM) 64-Bit Server VM (25.221-b11 mixed mode windows-amd64 compressed oops)
# Failed to write core dump. Minidumps are not enabled by default on client versions of Windows
#

---------------  T H R E A D  ---------------

Current thread (0x0000000019b96800):  JavaThread "C1 CompilerThread2" daemon [_thread_in_native, id=10856, stack(0x000000001a550000,0x000000001a650000)]

Stack: [0x000000001a550000,0x000000001a650000]
[error occurred during error reporting (printing stack bounds), id 0xc0000005]

Native frames: (J=compiled Java code, j=interpreted, Vv=VM code, C=native code)


Current CompileTask:
C1:   4235 3224       1       org.springframework.asm.ClassReader::readCode (5085 bytes)


---------------  P R O C E S S  ---------------

Java Threads: ( => current thread )
  0x000000001bd33800 JavaThread "I/O dispatcher 4" [_thread_in_native, id=13728, stack(0x000000001da20000,0x000000001db20000)]
  0x000000001bd31800 JavaThread "I/O dispatcher 3" [_thread_in_native, id=12444, stack(0x000000001d920000,0x000000001da20000)]
  0x000000001bcbb000 JavaThread "I/O dispatcher 2" [_thread_in_native, id=7520, stack(0x000000001d820000,0x000000001d920000)]
  0x000000001bd1f800 JavaThread "I/O dispatcher 1" [_thread_in_native, id=13636, stack(0x000000001d720000,0x000000001d820000)]
  0x000000001bcad000 JavaThread "pool-1-thread-1" [_thread_in_native, id=2832, stack(0x000000001d620000,0x000000001d720000)]
  0x000000001bae4000 JavaThread "container-0" [_thread_blocked, id=10916, stack(0x000000001d120000,0x000000001d220000)]
  0x000000001bae3800 JavaThread "Catalina-utility-2" [_thread_blocked, id=3024, stack(0x000000001d020000,0x000000001d120000)]
  0x000000001bbcd800 JavaThread "Catalina-utility-1" [_thread_blocked, id=5432, stack(0x000000001cf20000,0x000000001d020000)]
  0x000000001a0d0000 JavaThread "RMI Scheduler(0)" daemon [_thread_blocked, id=9816, stack(0x000000001b050000,0x000000001b150000)]
  0x000000001a09e800 JavaThread "RMI TCP Connection(1)-192.168.124.23" daemon [_thread_in_native, id=1856, stack(0x000000001af50000,0x000000001b050000)]
  0x0000000019df9800 JavaThread "RMI TCP Accept-0" daemon [_thread_in_native, id=2148, stack(0x000000001a750000,0x000000001a850000)]
  0x0000000019b97800 JavaThread "Service Thread" daemon [_thread_blocked, id=9080, stack(0x000000001a650000,0x000000001a750000)]
=>0x0000000019b96800 JavaThread "C1 CompilerThread2" daemon [_thread_in_native, id=10856, stack(0x000000001a550000,0x000000001a650000)]
  0x0000000019b36800 JavaThread "C2 CompilerThread1" daemon [_thread_blocked, id=8292, stack(0x000000001a450000,0x000000001a550000)]
  0x0000000019a95000 JavaThread "C2 CompilerThread0" daemon [_thread_blocked, id=9876, stack(0x000000001a350000,0x000000001a450000)]
  0x000000001984c800 JavaThread "Monitor Ctrl-Break" daemon [_thread_in_native, id=11652, stack(0x000000001a250000,0x000000001a350000)]
  0x0000000019493800 JavaThread "Attach Listener" daemon [_thread_blocked, id=10276, stack(0x0000000019950000,0x0000000019a50000)]
  0x0000000018106000 JavaThread "Signal Dispatcher" daemon [_thread_blocked, id=11856, stack(0x0000000019850000,0x0000000019950000)]
  0x000000000348b800 JavaThread "Finalizer" daemon [_thread_blocked, id=11780, stack(0x0000000019350000,0x0000000019450000)]
  0x0000000003488000 JavaThread "Reference Handler" daemon [_thread_blocked, id=11660, stack(0x0000000019250000,0x0000000019350000)]
  0x0000000003398800 JavaThread "main" [_thread_blocked, id=5192, stack(0x0000000002f40000,0x0000000003040000)]

Other Threads:
  0x00000000180b7800 VMThread [stack: 0x0000000019150000,0x0000000019250000] [id=14684]
  0x0000000019dff800 WatcherThread [stack: 0x000000001a850000,0x000000001a950000] [id=10400]

VM state:at safepoint (normal execution)

VM Mutex/Monitor currently owned by a thread:  ([mutex/lock_event])
[0x0000000002f3df60] Threads_lock - owner thread: 0x00000000180b7800
[0x0000000002f3e660] Heap_lock - owner thread: 0x0000000003398800

heap address: 0x0000000081600000, size: 2026 MB, Compressed Oops mode: 32-bit
Narrow klass base: 0x0000000000000000, Narrow klass shift: 3
Compressed class space size: 1073741824 Address: 0x0000000100000000

Heap:
 PSYoungGen      total 115200K, used 108544K [0x00000000d5d00000, 0x00000000dd800000, 0x0000000100000000)
  eden space 108544K, 100% used [0x00000000d5d00000,0x00000000dc700000,0x00000000dc700000)
  from space 6656K, 0% used [0x00000000dd180000,0x00000000dd180000,0x00000000dd800000)
  to   space 8704K, 99% used [0x00000000dc700000,0x00000000dcf7f998,0x00000000dcf80000)
 ParOldGen       total 54784K, used 12056K [0x0000000081600000, 0x0000000084b80000, 0x00000000d5d00000)
  object space 54784K, 22% used [0x0000000081600000,0x00000000821cb128,0x0000000084b80000)
 Metaspace       used 33205K, capacity 34750K, committed 35072K, reserved 1081344K
  class space    used 4485K, capacity 4821K, committed 4864K, reserved 1048576K

Card table byte_map: [0x0000000012950000,0x0000000012d50000] byte_map_base: 0x0000000012545000

Marking Bits: (ParMarkBitMap*) 0x000000006de15ce0
 Begin Bits: [0x0000000013400000, 0x00000000153a8000)
 End Bits:   [0x00000000153a8000, 0x0000000017350000)

Polling page: 0x0000000001020000

CodeCache: size=245760Kb used=6440Kb max_used=6440Kb free=239319Kb
 bounds [0x0000000003590000, 0x0000000003be0000, 0x0000000012590000]
 total_blobs=3685 nmethods=3223 adapters=374
 compilation: enabled

Compilation events (10 events):
Event: 4.208 Thread 0x0000000019b96800 nmethod 3219 0x0000000003bd9290 code [0x0000000003bd93e0, 0x0000000003bd94f0]
Event: 4.208 Thread 0x0000000019b96800 3220       1       org.springframework.core.BridgeMethodResolver::isBridgedCandidateFor (46 bytes)
Event: 4.208 Thread 0x0000000019b96800 nmethod 3220 0x0000000003bd9550 code [0x0000000003bd96c0, 0x0000000003bd9898]
Event: 4.210 Thread 0x0000000019b96800 3221       1       org.springframework.beans.factory.annotation.AutowiredAnnotationBeanPostProcessor$$Lambda$248/1437983537::get$Lambda (10 bytes)
Event: 4.210 Thread 0x0000000019b96800 nmethod 3221 0x0000000003bd9a10 code [0x0000000003bd9b60, 0x0000000003bd9cd0]
Event: 4.210 Thread 0x0000000019b96800 3222       1       org.springframework.beans.factory.annotation.AutowiredAnnotationBeanPostProcessor$$Lambda$248/1437983537::<init> (15 bytes)
Event: 4.210 Thread 0x0000000019b96800 nmethod 3222 0x0000000003bd9d50 code [0x0000000003bd9ea0, 0x0000000003bd9fd0]
Event: 4.210 Thread 0x0000000019b96800 3223       1       org.springframework.context.support.GenericApplicationContext::getBeanFactory (5 bytes)
Event: 4.210 Thread 0x0000000019b96800 nmethod 3223 0x0000000003bda050 code [0x0000000003bda1a0, 0x0000000003bda2b0]
Event: 4.212 Thread 0x0000000019b96800 3224       1       org.springframework.asm.ClassReader::readCode (5085 bytes)

GC Heap History (10 events):
Event: 1.984 GC heap before
{Heap before GC invocations=4 (full 0):
 PSYoungGen      total 38400K, used 24038K [0x00000000d5d00000, 0x00000000da800000, 0x0000000100000000)
  eden space 33280K, 56% used [0x00000000d5d00000,0x00000000d6f7d670,0x00000000d7d80000)
  from space 5120K, 99% used [0x00000000d7d80000,0x00000000d827c400,0x00000000d8280000)
  to   space 5120K, 0% used [0x00000000da300000,0x00000000da300000,0x00000000da800000)
 ParOldGen       total 87552K, used 3978K [0x0000000081600000, 0x0000000086b80000, 0x00000000d5d00000)
  object space 87552K, 4% used [0x0000000081600000,0x00000000819e2ae8,0x0000000086b80000)
 Metaspace       used 20438K, capacity 21138K, committed 21296K, reserved 1067008K
  class space    used 2744K, capacity 2917K, committed 2944K, reserved 1048576K
Event: 1.992 GC heap after
Heap after GC invocations=4 (full 0):
 PSYoungGen      total 71680K, used 5092K [0x00000000d5d00000, 0x00000000da800000, 0x0000000100000000)
  eden space 66560K, 0% used [0x00000000d5d00000,0x00000000d5d00000,0x00000000d9e00000)
  from space 5120K, 99% used [0x00000000da300000,0x00000000da7f90e8,0x00000000da800000)
  to   space 5120K, 0% used [0x00000000d9e00000,0x00000000d9e00000,0x00000000da300000)
 ParOldGen       total 87552K, used 6400K [0x0000000081600000, 0x0000000086b80000, 0x00000000d5d00000)
  object space 87552K, 7% used [0x0000000081600000,0x0000000081c40338,0x0000000086b80000)
 Metaspace       used 20438K, capacity 21138K, committed 21296K, reserved 1067008K
  class space    used 2744K, capacity 2917K, committed 2944K, reserved 1048576K
}
Event: 1.992 GC heap before
{Heap before GC invocations=5 (full 1):
 PSYoungGen      total 71680K, used 5092K [0x00000000d5d00000, 0x00000000da800000, 0x0000000100000000)
  eden space 66560K, 0% used [0x00000000d5d00000,0x00000000d5d00000,0x00000000d9e00000)
  from space 5120K, 99% used [0x00000000da300000,0x00000000da7f90e8,0x00000000da800000)
  to   space 5120K, 0% used [0x00000000d9e00000,0x00000000d9e00000,0x00000000da300000)
 ParOldGen       total 87552K, used 6400K [0x0000000081600000, 0x0000000086b80000, 0x00000000d5d00000)
  object space 87552K, 7% used [0x0000000081600000,0x0000000081c40338,0x0000000086b80000)
 Metaspace       used 20438K, capacity 21138K, committed 21296K, reserved 1067008K
  class space    used 2744K, capacity 2917K, committed 2944K, reserved 1048576K
Event: 2.021 GC heap after
Heap after GC invocations=5 (full 1):
 PSYoungGen      total 71680K, used 0K [0x00000000d5d00000, 0x00000000da800000, 0x0000000100000000)
  eden space 66560K, 0% used [0x00000000d5d00000,0x00000000d5d00000,0x00000000d9e00000)
  from space 5120K, 0% used [0x00000000da300000,0x00000000da300000,0x00000000da800000)
  to   space 5120K, 0% used [0x00000000d9e00000,0x00000000d9e00000,0x00000000da300000)
 ParOldGen       total 54784K, used 7370K [0x0000000081600000, 0x0000000084b80000, 0x00000000d5d00000)
  object space 54784K, 13% used [0x0000000081600000,0x0000000081d32978,0x0000000084b80000)
 Metaspace       used 20436K, capacity 21132K, committed 21296K, reserved 1067008K
  class space    used 2744K, capacity 2916K, committed 2944K, reserved 1048576K
}
Event: 2.583 GC heap before
{Heap before GC invocations=6 (full 1):
 PSYoungGen      total 71680K, used 66560K [0x00000000d5d00000, 0x00000000da800000, 0x0000000100000000)
  eden space 66560K, 100% used [0x00000000d5d00000,0x00000000d9e00000,0x00000000d9e00000)
  from space 5120K, 0% used [0x00000000da300000,0x00000000da300000,0x00000000da800000)
  to   space 5120K, 0% used [0x00000000d9e00000,0x00000000d9e00000,0x00000000da300000)
 ParOldGen       total 54784K, used 7471K [0x0000000081600000, 0x0000000084b80000, 0x00000000d5d00000)
  object space 54784K, 13% used [0x0000000081600000,0x0000000081d4be68,0x0000000084b80000)
 Metaspace       used 22555K, capacity 23426K, committed 23552K, reserved 1069056K
  class space    used 3078K, capacity 3295K, committed 3328K, reserved 1048576K
Event: 2.590 GC heap after
Heap after GC invocations=6 (full 1):
 PSYoungGen      total 71680K, used 5098K [0x00000000d5d00000, 0x00000000dda00000, 0x0000000100000000)
  eden space 66560K, 0% used [0x00000000d5d00000,0x00000000d5d00000,0x00000000d9e00000)
  from space 5120K, 99% used [0x00000000d9e00000,0x00000000da2fab40,0x00000000da300000)
  to   space 8704K, 0% used [0x00000000dd180000,0x00000000dd180000,0x00000000dda00000)
 ParOldGen       total 54784K, used 9012K [0x0000000081600000, 0x0000000084b80000, 0x00000000d5d00000)
  object space 54784K, 16% used [0x0000000081600000,0x0000000081ecd0d0,0x0000000084b80000)
 Metaspace       used 22555K, capacity 23426K, committed 23552K, reserved 1069056K
  class space    used 3078K, capacity 3295K, committed 3328K, reserved 1048576K
}
Event: 2.932 GC heap before
{Heap before GC invocations=7 (full 1):
 PSYoungGen      total 71680K, used 40656K [0x00000000d5d00000, 0x00000000dda00000, 0x0000000100000000)
  eden space 66560K, 53% used [0x00000000d5d00000,0x00000000d7fb98a8,0x00000000d9e00000)
  from space 5120K, 99% used [0x00000000d9e00000,0x00000000da2fab40,0x00000000da300000)
  to   space 8704K, 0% used [0x00000000dd180000,0x00000000dd180000,0x00000000dda00000)
 ParOldGen       total 54784K, used 9012K [0x0000000081600000, 0x0000000084b80000, 0x00000000d5d00000)
  object space 54784K, 16% used [0x0000000081600000,0x0000000081ecd0d0,0x0000000084b80000)
 Metaspace       used 24663K, capacity 25580K, committed 25600K, reserved 1075200K
  class space    used 3366K, capacity 3582K, committed 3584K, reserved 1048576K
Event: 2.937 GC heap after
Heap after GC invocations=7 (full 1):
 PSYoungGen      total 115200K, used 5467K [0x00000000d5d00000, 0x00000000dd800000, 0x0000000100000000)
  eden space 108544K, 0% used [0x00000000d5d00000,0x00000000d5d00000,0x00000000dc700000)
  from space 6656K, 82% used [0x00000000dd180000,0x00000000dd6d6f70,0x00000000dd800000)
  to   space 8704K, 0% used [0x00000000dc700000,0x00000000dc700000,0x00000000dcf80000)
 ParOldGen       total 54784K, used 9020K [0x0000000081600000, 0x0000000084b80000, 0x00000000d5d00000)
  object space 54784K, 16% used [0x0000000081600000,0x0000000081ecf0d0,0x0000000084b80000)
 Metaspace       used 24663K, capacity 25580K, committed 25600K, reserved 1075200K
  class space    used 3366K, capacity 3582K, committed 3584K, reserved 1048576K
}
Event: 2.937 GC heap before
{Heap before GC invocations=8 (full 2):
 PSYoungGen      total 115200K, used 5467K [0x00000000d5d00000, 0x00000000dd800000, 0x0000000100000000)
  eden space 108544K, 0% used [0x00000000d5d00000,0x00000000d5d00000,0x00000000dc700000)
  from space 6656K, 82% used [0x00000000dd180000,0x00000000dd6d6f70,0x00000000dd800000)
  to   space 8704K, 0% used [0x00000000dc700000,0x00000000dc700000,0x00000000dcf80000)
 ParOldGen       total 54784K, used 9020K [0x0000000081600000, 0x0000000084b80000, 0x00000000d5d00000)
  object space 54784K, 16% used [0x0000000081600000,0x0000000081ecf0d0,0x0000000084b80000)
 Metaspace       used 24663K, capacity 25580K, committed 25600K, reserved 1075200K
  class space    used 3366K, capacity 3582K, committed 3584K, reserved 1048576K
Event: 2.980 GC heap after
Heap after GC invocations=8 (full 2):
 PSYoungGen      total 115200K, used 0K [0x00000000d5d00000, 0x00000000dd800000, 0x0000000100000000)
  eden space 108544K, 0% used [0x00000000d5d00000,0x00000000d5d00000,0x00000000dc700000)
  from space 6656K, 0% used [0x00000000dd180000,0x00000000dd180000,0x00000000dd800000)
  to   space 8704K, 0% used [0x00000000dc700000,0x00000000dc700000,0x00000000dcf80000)
 ParOldGen       total 54784K, used 10405K [0x0000000081600000, 0x0000000084b80000, 0x00000000d5d00000)
  object space 54784K, 18% used [0x0000000081600000,0x00000000820294e0,0x0000000084b80000)
 Metaspace       used 24663K, capacity 25580K, committed 25600K, reserved 1073152K
  class space    used 3366K, capacity 3582K, committed 3584K, reserved 1048576K
}

Deoptimization events (0 events):
No events

Classes redefined (0 events):
No events

Internal exceptions (10 events):
Event: 4.131 Thread 0x0000000003398800 Exception <a 'java/lang/ArrayIndexOutOfBoundsException'> (0x00000000dbd70618) thrown at [C:\re\workspace\8-2-build-windows-amd64-cygwin\jdk8u221\13320\hotspot\src\share\vm\runtime\sharedRuntime.cpp, line 605]
Event: 4.131 Thread 0x0000000003398800 Exception <a 'java/lang/ArrayIndexOutOfBoundsException'> (0x00000000dbd720f8) thrown at [C:\re\workspace\8-2-build-windows-amd64-cygwin\jdk8u221\13320\hotspot\src\share\vm\runtime\sharedRuntime.cpp, line 605]
Event: 4.132 Thread 0x0000000003398800 Exception <a 'java/lang/ClassNotFoundException': org/springframework/context/ApplicationContextAwareCustomizer> (0x00000000dbd92f60) thrown at [C:\re\workspace\8-2-build-windows-amd64-cygwin\jdk8u221\13320\hotspot\src\share\vm\classfile\systemDictionary.c
Event: 4.132 Thread 0x0000000003398800 Exception <a 'java/lang/ClassNotFoundException': org/springframework/beans/factory/AwareCustomizer> (0x00000000dbdad4f0) thrown at [C:\re\workspace\8-2-build-windows-amd64-cygwin\jdk8u221\13320\hotspot\src\share\vm\classfile\systemDictionary.cpp, line 210
Event: 4.133 Thread 0x0000000003398800 Exception <a 'java/lang/ClassNotFoundException': org/springframework/context/ApplicationListenerCustomizer> (0x00000000dbdc8d08) thrown at [C:\re\workspace\8-2-build-windows-amd64-cygwin\jdk8u221\13320\hotspot\src\share\vm\classfile\systemDictionary.cpp, 
Event: 4.133 Thread 0x0000000003398800 Exception <a 'java/lang/ArrayIndexOutOfBoundsException'> (0x00000000dbdc9848) thrown at [C:\re\workspace\8-2-build-windows-amd64-cygwin\jdk8u221\13320\hotspot\src\share\vm\runtime\sharedRuntime.cpp, line 605]
Event: 4.133 Thread 0x0000000003398800 Exception <a 'java/lang/ClassNotFoundException': java/util/EventListenerCustomizer> (0x00000000dbdd46b8) thrown at [C:\re\workspace\8-2-build-windows-amd64-cygwin\jdk8u221\13320\hotspot\src\share\vm\classfile\systemDictionary.cpp, line 210]
Event: 4.133 Thread 0x0000000003398800 Exception <a 'java/lang/ClassNotFoundException': org/springframework/beans/factory/InitializingBeanCustomizer> (0x00000000dbdf1300) thrown at [C:\re\workspace\8-2-build-windows-amd64-cygwin\jdk8u221\13320\hotspot\src\share\vm\classfile\systemDictionary.cp
Event: 4.195 Thread 0x0000000003398800 Exception <a 'java/lang/ArrayIndexOutOfBoundsException'> (0x00000000dc3a1818) thrown at [C:\re\workspace\8-2-build-windows-amd64-cygwin\jdk8u221\13320\hotspot\src\share\vm\runtime\sharedRuntime.cpp, line 605]
Event: 4.199 Thread 0x0000000003398800 Exception <a 'java/lang/ArrayIndexOutOfBoundsException'> (0x00000000dc3e3b28) thrown at [C:\re\workspace\8-2-build-windows-amd64-cygwin\jdk8u221\13320\hotspot\src\share\vm\runtime\sharedRuntime.cpp, line 605]

Events (10 events):
Event: 4.211 loading class springfox/documentation/service/ResolvedMethodParameter
Event: 4.211 loading class springfox/documentation/service/ResolvedMethodParameter done
Event: 4.213 loading class springfox/documentation/spi/schema/AlternateTypeProvider
Event: 4.213 loading class springfox/documentation/spi/schema/AlternateTypeProvider done
Event: 4.213 loading class springfox/documentation/spring/web/readers/parameter/ExpansionContext
Event: 4.213 loading class springfox/documentation/spring/web/readers/parameter/ExpansionContext done
Event: 4.214 loading class java/beans/IntrospectionException
Event: 4.214 loading class java/beans/IntrospectionException done
Event: 4.214 loading class springfox/documentation/spring/web/readers/parameter/ModelAttributeField
Event: 4.214 loading class springfox/documentation/spring/web/readers/parameter/ModelAttributeField done


Dynamic libraries:
0x00007ff787c20000 - 0x00007ff787c57000 	C:\Program Files\Java\jdk1.8.0_221\bin\java.exe
0x00007ffb8f2c0000 - 0x00007ffb8f4ad000 	C:\Windows\SYSTEM32\ntdll.dll
0x00007ffb8c8a0000 - 0x00007ffb8c953000 	C:\Windows\System32\KERNEL32.DLL
0x00007ffb8c240000 - 0x00007ffb8c4d3000 	C:\Windows\System32\KERNELBASE.dll
0x00007ffb8d5c0000 - 0x00007ffb8d663000 	C:\Windows\System32\ADVAPI32.dll
0x00007ffb8c960000 - 0x00007ffb8c9fe000 	C:\Windows\System32\msvcrt.dll
0x00007ffb8c720000 - 0x00007ffb8c7be000 	C:\Windows\System32\sechost.dll
0x00007ffb8cc10000 - 0x00007ffb8cd32000 	C:\Windows\System32\RPCRT4.dll
0x00007ffb8d310000 - 0x00007ffb8d4a7000 	C:\Windows\System32\USER32.dll
0x00007ffb8bad0000 - 0x00007ffb8baf0000 	C:\Windows\System32\win32u.dll
0x00007ffb8c540000 - 0x00007ffb8c569000 	C:\Windows\System32\GDI32.dll
0x00007ffb8b910000 - 0x00007ffb8baa9000 	C:\Windows\System32\gdi32full.dll
0x00007ffb8b870000 - 0x00007ffb8b910000 	C:\Windows\System32\msvcp_win.dll
0x00007ffb8b430000 - 0x00007ffb8b52a000 	C:\Windows\System32\ucrtbase.dll
0x00007ffb74ae0000 - 0x00007ffb74d59000 	C:\Windows\WinSxS\amd64_microsoft.windows.common-controls_6595b64144ccf1df_6.0.17763.914_none_05b346b2072102f2\COMCTL32.dll
0x00007ffb8d670000 - 0x00007ffb8d99c000 	C:\Windows\System32\combase.dll
0x00007ffb8b740000 - 0x00007ffb8b7be000 	C:\Windows\System32\bcryptPrimitives.dll
0x00007ffb8cb60000 - 0x00007ffb8cb8e000 	C:\Windows\System32\IMM32.DLL
0x000000006d460000 - 0x000000006d532000 	C:\Program Files\Java\jdk1.8.0_221\jre\bin\msvcr100.dll
0x000000006d5f0000 - 0x000000006de95000 	C:\Program Files\Java\jdk1.8.0_221\jre\bin\server\jvm.dll
0x00007ffb8eea0000 - 0x00007ffb8eea8000 	C:\Windows\System32\PSAPI.DLL
0x00007ffb83200000 - 0x00007ffb8320a000 	C:\Windows\SYSTEM32\VERSION.dll
0x00007ffb72210000 - 0x00007ffb72219000 	C:\Windows\SYSTEM32\WSOCK32.dll
0x00007ffb81f30000 - 0x00007ffb81f54000 	C:\Windows\SYSTEM32\WINMM.dll
0x00007ffb8cd50000 - 0x00007ffb8cdbd000 	C:\Windows\System32\WS2_32.dll
0x00007ffb81f00000 - 0x00007ffb81f2d000 	C:\Windows\SYSTEM32\winmmbase.dll
0x00007ffb8b820000 - 0x00007ffb8b86a000 	C:\Windows\System32\cfgmgr32.dll
0x00007ffb71a50000 - 0x00007ffb71a5f000 	C:\Program Files\Java\jdk1.8.0_221\jre\bin\verify.dll
0x00007ffb71a20000 - 0x00007ffb71a49000 	C:\Program Files\Java\jdk1.8.0_221\jre\bin\java.dll
0x00007ffb6feb0000 - 0x00007ffb6fed3000 	C:\Program Files\Java\jdk1.8.0_221\jre\bin\instrument.dll
0x00007ffb71a00000 - 0x00007ffb71a16000 	C:\Program Files\Java\jdk1.8.0_221\jre\bin\zip.dll
0x00007ffb8d9a0000 - 0x00007ffb8ee94000 	C:\Windows\System32\SHELL32.dll
0x00007ffb8c7c0000 - 0x00007ffb8c868000 	C:\Windows\System32\shcore.dll
0x00007ffb8baf0000 - 0x00007ffb8c23d000 	C:\Windows\System32\windows.storage.dll
0x00007ffb8b2f0000 - 0x00007ffb8b314000 	C:\Windows\System32\profapi.dll
0x00007ffb8b320000 - 0x00007ffb8b37d000 	C:\Windows\System32\powrprof.dll
0x00007ffb8c4e0000 - 0x00007ffb8c532000 	C:\Windows\System32\shlwapi.dll
0x00007ffb8b2b0000 - 0x00007ffb8b2c1000 	C:\Windows\System32\kernel.appcore.dll
0x00007ffb8bab0000 - 0x00007ffb8bac7000 	C:\Windows\System32\cryptsp.dll
0x00007ffb78b20000 - 0x00007ffb78b3a000 	D:\IntelliJ IDEA 2018.3.4\bin\breakgen64.dll
0x00007ffb80480000 - 0x00007ffb8049a000 	C:\Program Files\Java\jdk1.8.0_221\jre\bin\net.dll
0x00007ffb7e3b0000 - 0x00007ffb7e587000 	C:\Windows\SYSTEM32\urlmon.dll
0x00007ffb7e100000 - 0x00007ffb7e3a8000 	C:\Windows\SYSTEM32\iertutil.dll
0x00007ffb8acc0000 - 0x00007ffb8accc000 	C:\Windows\SYSTEM32\CRYPTBASE.DLL
0x00007ffb8aaf0000 - 0x00007ffb8ab57000 	C:\Windows\system32\mswsock.dll
0x00007ffb8a850000 - 0x00007ffb8a916000 	C:\Windows\SYSTEM32\DNSAPI.dll
0x00007ffb8c870000 - 0x00007ffb8c878000 	C:\Windows\System32\NSI.dll
0x00007ffb8a810000 - 0x00007ffb8a84d000 	C:\Windows\SYSTEM32\IPHLPAPI.DLL
0x00007ffb7d2d0000 - 0x00007ffb7d2da000 	C:\Windows\System32\rasadhlp.dll
0x00007ffb7d500000 - 0x00007ffb7d579000 	C:\Windows\System32\fwpuclnt.dll
0x00007ffb8b530000 - 0x00007ffb8b556000 	C:\Windows\System32\bcrypt.dll
0x00007ffb80530000 - 0x00007ffb8053d000 	C:\Program Files\Java\jdk1.8.0_221\jre\bin\management.dll
0x00007ffb7ad20000 - 0x00007ffb7ad32000 	C:\Program Files\Java\jdk1.8.0_221\jre\bin\nio.dll
0x00007ffb8a670000 - 0x00007ffb8a6a3000 	C:\Windows\system32\rsaenh.dll
0x00007ffb8b1e0000 - 0x00007ffb8b208000 	C:\Windows\SYSTEM32\USERENV.dll
0x00007ffb83620000 - 0x00007ffb83636000 	C:\Windows\SYSTEM32\dhcpcsvc6.DLL
0x00007ffb83be0000 - 0x00007ffb83bfc000 	C:\Windows\SYSTEM32\dhcpcsvc.DLL
0x00007ffb721f0000 - 0x00007ffb72206000 	C:\Windows\system32\napinsp.dll
0x00007ffb721c0000 - 0x00007ffb721da000 	C:\Windows\system32\pnrpnsp.dll
0x00007ffb721b0000 - 0x00007ffb721be000 	C:\Windows\System32\winrnr.dll
0x00007ffb86540000 - 0x00007ffb8655b000 	C:\Windows\system32\NLAapi.dll
0x00007ffb72190000 - 0x00007ffb721a5000 	C:\Windows\system32\wshbth.dll
0x00007ffb71240000 - 0x00007ffb71264000 	C:\Program Files\Java\jdk1.8.0_221\jre\bin\sunec.dll

VM Arguments:
jvm_args: -XX:TieredStopAtLevel=1 -Xverify:none -Dspring.output.ansi.enabled=always -Dcom.sun.management.jmxremote -Dspring.jmx.enabled=true -Dspring.liveBeansView.mbeanDomain -Dspring.application.admin.enabled=true -javaagent:D:\IntelliJ IDEA 2018.3.4\lib\idea_rt.jar=52999:D:\IntelliJ IDEA 2018.3.4\bin -Dfile.encoding=UTF-8 
java_command: com.example.tiexies.TiexiesApplication
java_class_path (initial): C:\Program Files\Java\jdk1.8.0_221\jre\lib\charsets.jar;C:\Program Files\Java\jdk1.8.0_221\jre\lib\deploy.jar;C:\Program Files\Java\jdk1.8.0_221\jre\lib\ext\access-bridge-64.jar;C:\Program Files\Java\jdk1.8.0_221\jre\lib\ext\cldrdata.jar;C:\Program Files\Java\jdk1.8.0_221\jre\lib\ext\dnsns.jar;C:\Program Files\Java\jdk1.8.0_221\jre\lib\ext\jaccess.jar;C:\Program Files\Java\jdk1.8.0_221\jre\lib\ext\jfxrt.jar;C:\Program Files\Java\jdk1.8.0_221\jre\lib\ext\localedata.jar;C:\Program Files\Java\jdk1.8.0_221\jre\lib\ext\nashorn.jar;C:\Program Files\Java\jdk1.8.0_221\jre\lib\ext\sunec.jar;C:\Program Files\Java\jdk1.8.0_221\jre\lib\ext\sunjce_provider.jar;C:\Program Files\Java\jdk1.8.0_221\jre\lib\ext\sunmscapi.jar;C:\Program Files\Java\jdk1.8.0_221\jre\lib\ext\sunpkcs11.jar;C:\Program Files\Java\jdk1.8.0_221\jre\lib\ext\zipfs.jar;C:\Program Files\Java\jdk1.8.0_221\jre\lib\javaws.jar;C:\Program Files\Java\jdk1.8.0_221\jre\lib\jce.jar;C:\Program Files\Java\jdk1.8.0_221\jre\lib\jfr.jar;C:\Program Files\Java\jdk1.8.0_221\jre\lib\jfxswt.jar;C:\Program Files\Java\jdk1.8.0_221\jre\lib\jsse.jar;C:\Program Files\Java\jdk1.8.0_221\jre\lib\management-agent.jar;C:\Program Files\Java\jdk1.8.0_221\jre\lib\plugin.jar;C:\Program Files\Java\jdk1.8.0_221\jre\lib\resources.jar;C:\Program Files\Java\jdk1.8.0_221\jre\lib\rt.jar;E:\IdeaProjects\tiexies\target\classes;C:\Users\acer\.m2\repository\org\springframework\boot\spring-boot-starter-web\2.2.2.RELEASE\spring-boot-starter-web-2.2.2.RELEASE.jar;C:\Users\acer\.m2\repository\org\springframework\boot\spring-boot-starter-json\2.2.2.RELEASE\spring-boot-starter-json-2.2.2.RELEASE.jar;C:\Users\acer\.m2\repository\com\fasterxml\jackson\core\jackson-databind\2.10.1\jackson-databind-2.10.1.jar;C:\Users\acer\.m2\repository\com\fasterxml\jackson\datatype\jackson-datatype-jdk8\2.10.1\jackson-datatype-jdk8-2.10.1.jar;C:\Users\acer\.m2\repository\com\fasterxml\jackson\datatype\jackson-datatype-jsr310\2.10.1\jackson-datatype-js
Launcher Type: SUN_STANDARD

Environment Variables:
JAVA_HOME=C:\Program Files\Java\jdk1.8.0_221
CLASSPATH=.;C:\Program Files\Java\jdk1.8.0_221\bin;C:\Program Files\Java\jdk1.8.0_221\lib\dt.jar;C:\Program Files\Java\jdk1.8.0_221\lib\tools.jar;D:\sqljdbc6\mssql-jdbc-6.4.0.jre7.jar;
PATH=D:\IntelliJ IDEA 2018.3.4\jbr\\bin;D:\IntelliJ IDEA 2018.3.4\jbr\\bin\server;C:\Program Files (x86)\Common Files\Oracle\Java\javapath;E:\Xftp\;E:\Xshell\;C:\Users\acer\AppData\Local\Programs\Python\Python37\;C:\Users\acer\AppData\Local\Programs\Python\Python37\Scripts;D:\apache-maven-3.6.0-bin\apache-maven-3.6.0\bin;C:\Program Files\Java\jdk1.8.0_221\bin;C:\Program Files\Java\jdk1.8.0_221\jre\bin;C:\Windows\system32;C:\Windows;C:\Windows\System32\Wbem;C:\Windows\System32\WindowsPowerShell\v1.0\;C:\Windows\System32\OpenSSH\;C:\Program Files\dotnet\;C:\Program Files\Microsoft SQL Server\130\Tools\Binn\;C:\Program Files\nodejs\;D:\apache-tomcat-9.0.13-windows-x64\apache-tomcat-9.0.13\bin;D:\mysql-5.6.42-winx64\bin;D:\Anaconda;D:\Anaconda\Library\mingw-w64\bin;D:\Anaconda\Library\usr\bin;D:\Anaconda\Library\bin;D:\Anaconda\Scripts;C:\Program Files\Git\cmd;D:\curl-7.65.2-win64-mingw;C:\Users\acer\AppData\Local\Programs\Python\Python37\Scripts\;C:\Users\acer\AppData\Local\Programs\Python\Python37\;C:\Users\acer\AppData\Local\Microsoft\WindowsApps;C:\texlive\2018\bin\win32;C:\Users\acer\AppData\Roaming\npm;C:\Users\acer\AppData\Local\GitHubDesktop\bin;D:\IntelliJ IDEA 2018.3.4\bin;;C:\Program Files\JetBrains\PyCharm Community Edition 2018.3.5\bin;;
USERNAME=acer
OS=Windows_NT
PROCESSOR_IDENTIFIER=Intel64 Family 6 Model 94 Stepping 3, GenuineIntel



---------------  S Y S T E M  ---------------

OS: Windows 10.0 , 64 bit Build 17763 (10.0.17763.475)

CPU:total 4 (initial active 4) (4 cores per cpu, 1 threads per core) family 6 model 94 stepping 3, cmov, cx8, fxsr, mmx, sse, sse2, sse3, ssse3, sse4.1, sse4.2, popcnt, avx, avx2, aes, clmul, erms, rtm, 3dnowpref, lzcnt, tsc, tscinvbit, bmi1, bmi2, adx

Memory: 4k page, physical 8292260k(309028k free), swap 11437988k(4108k free)

vm_info: Java HotSpot(TM) 64-Bit Server VM (25.221-b11) for windows-amd64 JRE (1.8.0_221-b11), built on Jul  4 2019 04:39:29 by "java_re" with MS VC++ 10.0 (VS2010)

time: Sat Jan 11 16:45:01 2020
timezone: 中国标准时间
elapsed time: 4 seconds (0d 0h 0m 4s)

